<?xml version="1.0" encoding="utf-8"?>
<shfbBuild product="Sandcastle Help File Builder and Tools" version="2016.4.9.0" projectFile="D:\dev\Projects\Adnan.Utils\Utils.Docs\Utils.Docs.shfbproj" started="08.05.2016 20:08:54">
<buildStep step="Initializing">
Finding tools...
The Sandcastle tools are located in &#39;C:\Program Files (x86)\EWSoftware\Sandcastle Help File Builder\&#39;
Searching for HTML Help 1 compiler...
Found HTML Help 1 compiler in &#39;C:\Program Files (x86)\HTML Help Workshop\&#39;
Locating components in the following folder(s):
    D:\dev\Projects\Adnan.Utils\Utils.Docs
    C:\ProgramData\EWSoftware\Sandcastle Help File Builder\Components and Plug-Ins\
    C:\Program Files (x86)\EWSoftware\Sandcastle Help File Builder\
Using framework reflection data for &#39;.NET Framework 4.5&#39; located in &#39;C:\Program Files (x86)\EWSoftware\Sandcastle Help File Builder\Data\.NETFramework&#39;
Using presentation style &#39;VS2013&#39; located in &#39;C:\Program Files (x86)\EWSoftware\Sandcastle Help File Builder\PresentationStyles\VS2013&#39;
Loading and initializing plug-ins...
Lightweight Website Style Version 2016.4.9.0
Copyright &#169; 2006-2016, Eric Woodruff, All Rights Reserved
Portions Copyright &#169; 2014, Sam Harwell, All Rights Reserved
</buildStep>
<buildStep step="ValidatingDocumentationSources">
Validating and copying documentation source information
Source: D:\dev\Projects\Adnan.Utils\Utils\bin\Debug\Utils.dll
    Found assembly &#39;D:\dev\Projects\Adnan.Utils\Utils\bin\Debug\Utils.dll&#39;
Source: D:\dev\Projects\Adnan.Utils\Utils\bin\Debug\Utils.xml

Copying XML comments files
    D:\dev\Projects\Adnan.Utils\Utils\bin\Debug\Utils.XML -&gt; D:\dev\Projects\Adnan.Utils\Utils.Docs\Help\Working\Utils.XML
</buildStep>
<buildStep step="GenerateSharedContent">
Generating shared content files (en-US, Englisch (USA))...
<plugIn name="Lightweight Website Style" behavior="After" priority="1000">
</plugIn>    Last step completed in 00:00:00,0156
</buildStep>
<buildStep step="GenerateApiFilter">
Generating API filter for MRefBuilder...
    Last step completed in 00:00:00,0000
</buildStep>
<buildStep step="GenerateReflectionInfo">
Generating reflection information...
[C:\Windows\Microsoft.NET\Framework64\v4.0.30319\MSBuild.exe - GenerateRefInfo.proj]
Der Buildvorgang wurde am 08.05.2016 20:08:54 gestartet.
Projekt &quot;D:\dev\Projects\Adnan.Utils\Utils.Docs\Help\Working\GenerateRefInfo.proj&quot; auf Knoten &quot;1&quot; (Standardziele).
PrepareForBuild:
  Das Verzeichnis &quot;obj\Debug\&quot; wird erstellt.
GenerateRefInfo:
  MRefBuilder (v2016.4.9.0)
  Copyright &#184; 2006-2016, Microsoft Corporation, All Rights Reserved.
  Portions Copyright &#184; 2006-2016, Eric Woodruff, All Rights Reserved.
  Loaded 1 assemblies for reflection and 1 dependency assemblies.
  Wrote information on 3 namespaces, 3 types, and 7 members
  Die Datei wird von &quot;reflection.org&quot; in &quot;reflection.all&quot; kopiert.
  XslTransform (v2016.4.9.0)
  Copyright &#184; 2006-2016, Microsoft Corporation, All Rights Reserved.
  Portions Copyright &#184; 2006-2016, Eric Woodruff, All Rights Reserved.
  Applying XSL transformation &#39;C:\Program Files (x86)\EWSoftware\Sandcastle Help File Builder\ProductionTransforms\MergeDuplicates.xsl&#39;.
Die Erstellung von Projekt &quot;D:\dev\Projects\Adnan.Utils\Utils.Docs\Help\Working\GenerateRefInfo.proj&quot; ist abgeschlossen (Standardziele).

Der Buildvorgang wurde erfolgreich ausgef혖hrt.

Verstrichene Zeit 00:00:01.43
    Last step completed in 00:00:01,7662
</buildStep>
<buildStep step="TransformReflectionInfo">
Transforming reflection output...
[C:\Windows\Microsoft.NET\Framework64\v4.0.30319\MSBuild.exe - TransformManifest.proj]
Der Buildvorgang wurde am 08.05.2016 20:08:56 gestartet.
Projekt &quot;D:\dev\Projects\Adnan.Utils\Utils.Docs\Help\Working\TransformManifest.proj&quot; auf Knoten &quot;1&quot; (Standardziele).
TransformManifest:
  XslTransform (v2016.4.9.0)
  Copyright &#184; 2006-2016, Microsoft Corporation, All Rights Reserved.
  Portions Copyright &#184; 2006-2016, Eric Woodruff, All Rights Reserved.
  Applying XSL transformation &#39;C:\Program Files (x86)\EWSoftware\Sandcastle Help File Builder\ProductionTransforms\ApplyVSDocModel.xsl&#39;.
  Die Datei wird von &quot;reflection.xml&quot; in &quot;reflection.nofilenames&quot; kopiert.
  XslTransform (v2016.4.9.0)
  Copyright &#184; 2006-2016, Microsoft Corporation, All Rights Reserved.
  Portions Copyright &#184; 2006-2016, Eric Woodruff, All Rights Reserved.
  Applying XSL transformation &#39;C:\Program Files (x86)\EWSoftware\Sandcastle Help File Builder\ProductionTransforms\AddFilenames.xsl&#39;.
  XslTransform (v2016.4.9.0)
  Copyright &#184; 2006-2016, Microsoft Corporation, All Rights Reserved.
  Portions Copyright &#184; 2006-2016, Eric Woodruff, All Rights Reserved.
  Applying XSL transformation &#39;C:\Program Files (x86)\EWSoftware\Sandcastle Help File Builder\ProductionTransforms\ReflectionToManifest.xsl&#39;.
Die Erstellung von Projekt &quot;D:\dev\Projects\Adnan.Utils\Utils.Docs\Help\Working\TransformManifest.proj&quot; ist abgeschlossen (Standardziele).

Der Buildvorgang wurde erfolgreich ausgef혖hrt.

Verstrichene Zeit 00:00:00.78
    Last step completed in 00:00:01,0686
</buildStep>
<buildStep step="GenerateNamespaceSummaries">
Generating namespace summary information...
    Last step completed in 00:00:00,0000
</buildStep>
<buildStep step="CopyAdditionalContent">
Copying additional content files...
No additional content to copy
    Last step completed in 00:00:00,0000
</buildStep>
<buildStep step="MergeTablesOfContents">
Merging conceptual and additional tables of contents...
    Last step completed in 00:00:00,0000
</buildStep>
<buildStep step="GenerateIntermediateTableOfContents">
Generating intermediate table of contents file...
[C:\Windows\Microsoft.NET\Framework64\v4.0.30319\MSBuild.exe - GenerateIntermediateTOC.proj]
Der Buildvorgang wurde am 08.05.2016 20:08:57 gestartet.
Projekt &quot;D:\dev\Projects\Adnan.Utils\Utils.Docs\Help\Working\GenerateIntermediateTOC.proj&quot; auf Knoten &quot;1&quot; (Standardziele).
GenerateIntermediateTOC:
  XslTransform (v2016.4.9.0)
  Copyright &#184; 2006-2016, Microsoft Corporation, All Rights Reserved.
  Portions Copyright &#184; 2006-2016, Eric Woodruff, All Rights Reserved.
  Applying XSL transformation &#39;C:\Program Files (x86)\EWSoftware\Sandcastle Help File Builder\ProductionTransforms\CreateVSToc.xsl&#39;.
Die Erstellung von Projekt &quot;D:\dev\Projects\Adnan.Utils\Utils.Docs\Help\Working\GenerateIntermediateTOC.proj&quot; ist abgeschlossen (Standardziele).

Der Buildvorgang wurde erfolgreich ausgef혖hrt.

Verstrichene Zeit 00:00:00.55
Generating conceptual content intermediate TOC file...
    Last step completed in 00:00:00,8702
</buildStep>
<buildStep step="CreateBuildAssemblerConfigs">
Creating Sandcastle configuration files...
    sandcastle.config
    Last step completed in 00:00:00,1472
</buildStep>
<buildStep step="MergeCustomConfigs">
Merging custom build component configurations
D:\dev\Projects\Adnan.Utils\Utils.Docs\Help\Working\sandcastle.config
  Updating reference topic configurations.
  No conceptual content.  Removing conceptual content components.
    Last step completed in 00:00:00,0211
</buildStep>
<buildStep step="BuildTopics">
Building help topics...
[C:\Windows\Microsoft.NET\Framework64\v4.0.30319\MSBuild.exe - BuildTopics.proj]
Der Buildvorgang wurde am 08.05.2016 20:08:58 gestartet.
Projekt &quot;D:\dev\Projects\Adnan.Utils\Utils.Docs\Help\Working\BuildTopics.proj&quot; auf Knoten &quot;1&quot; (Standardziele).
BuildTopics:
  BuildAssembler (v2016.4.9.0)
  Copyright &#184; 2006-2016, Microsoft Corporation, All Rights Reserved.
  Portions Copyright &#184; 2006-2016, Eric Woodruff, All Rights Reserved.
  Loading configuration...
  Processing topics...
BuildAssembler : warning : ShowMissingComponent: [N:Utils.Files] Missing &lt;summary&gt; documentation [D:\dev\Projects\Adnan.Utils\Utils.Docs\Help\Working\BuildTopics.proj]
BuildAssembler : warning : ShowMissingComponent: [T:Utils.Files.FileService] Missing &lt;summary&gt; documentation [D:\dev\Projects\Adnan.Utils\Utils.Docs\Help\Working\BuildTopics.proj]
BuildAssembler : warning : ShowMissingComponent: [M:Utils.Files.FileService.CreateFile(System.String,System.String)] Missing &lt;summary&gt; documentation [D:\dev\Projects\Adnan.Utils\Utils.Docs\Help\Working\BuildTopics.proj]
BuildAssembler : warning : ShowMissingComponent: [M:Utils.Files.FileService.CreateFile(System.String,System.String)] Missing &lt;returns&gt; documentation [D:\dev\Projects\Adnan.Utils\Utils.Docs\Help\Working\BuildTopics.proj]
BuildAssembler : warning : ShowMissingComponent: [M:Utils.Files.FileService.CreateFile(System.String,System.String)] Missing &lt;param name=&quot;path&quot;/&gt; documentation [D:\dev\Projects\Adnan.Utils\Utils.Docs\Help\Working\BuildTopics.proj]
BuildAssembler : warning : ShowMissingComponent: [M:Utils.Files.FileService.CreateFile(System.String,System.String)] Missing &lt;param name=&quot;content&quot;/&gt; documentation [D:\dev\Projects\Adnan.Utils\Utils.Docs\Help\Working\BuildTopics.proj]
BuildAssembler : warning : ShowMissingComponent: [M:Utils.Files.FileService.DeleteFile(System.String)] Missing &lt;summary&gt; documentation [D:\dev\Projects\Adnan.Utils\Utils.Docs\Help\Working\BuildTopics.proj]
BuildAssembler : warning : ShowMissingComponent: [M:Utils.Files.FileService.DeleteFile(System.String)] Missing &lt;returns&gt; documentation [D:\dev\Projects\Adnan.Utils\Utils.Docs\Help\Working\BuildTopics.proj]
BuildAssembler : warning : ShowMissingComponent: [M:Utils.Files.FileService.DeleteFile(System.String)] Missing &lt;param name=&quot;path&quot;/&gt; documentation [D:\dev\Projects\Adnan.Utils\Utils.Docs\Help\Working\BuildTopics.proj]
BuildAssembler : warning : ShowMissingComponent: [N:Utils.Security] Missing &lt;summary&gt; documentation [D:\dev\Projects\Adnan.Utils\Utils.Docs\Help\Working\BuildTopics.proj]
BuildAssembler : warning : ShowMissingComponent: [M:Utils.Security.CryptService.Decrypt``1(System.String,System.String,System.String)] Missing &lt;param name=&quot;text&quot;/&gt; documentation [D:\dev\Projects\Adnan.Utils\Utils.Docs\Help\Working\BuildTopics.proj]
  Processed 16 topic(s)
  11 warning(s)
  CopyFromIndexComponent: &quot;reflection&quot; in-memory cache entries used: 4 of 15.
  CopyFromIndexComponent: &quot;comments&quot; in-memory cache entries used: 3 of 30.
Die Erstellung von Projekt &quot;D:\dev\Projects\Adnan.Utils\Utils.Docs\Help\Working\BuildTopics.proj&quot; ist abgeschlossen (Standardziele).

Der Buildvorgang wurde erfolgreich ausgef혖hrt.

Verstrichene Zeit 00:00:09.07
    Last step completed in 00:00:09,4186
</buildStep>
<buildStep step="CombiningIntermediateTocFiles">
Combining conceptual and API intermediate TOC files...
    Last step completed in 00:00:00,0010
</buildStep>
<buildStep step="ExtractingHtmlInfo">
Extracting HTML info for HTML Help 1 and/or website...
[C:\Windows\Microsoft.NET\Framework64\v4.0.30319\MSBuild.exe - ExtractHtmlInfo.proj]
Sandcastle Help File Builder and Tools, version 2016.4.9.0
Copyright &#184; 2006-2016, Eric Woodruff, All Rights Reserved
E-Mail: Eric@EWoodruff.us

Using LCID &#39;1033&#39;, code page &#39;65001&#39;, encoding charset &#39;UTF-8&#39;.

Processing Help 1 files in D:\dev\Projects\Adnan.Utils\Utils.Docs\Help\Working\Output\HtmlHelp1
Processed 16 HTML files
Sorting keywords and generating See Also indices
Saving HTML Help 1 keyword index to D:\dev\Projects\Adnan.Utils\Utils.Docs\Help\Working\Utils Dokumentation.hhk
Saving HTML Help 1 table of contents to D:\dev\Projects\Adnan.Utils\Utils.Docs\Help\Working\Utils Dokumentation.hhc
    Last step completed in 00:00:00,9197
</buildStep>
<buildStep step="CopyStandardHelpContent">
Copying standard help content...
C:\Program Files (x86)\EWSoftware\Sandcastle Help File Builder\PresentationStyles\VS2013\icons\AlertCaution.png -&gt; D:\dev\Projects\Adnan.Utils\Utils.Docs\Help\Working\Output\HtmlHelp1\icons\AlertCaution.png
C:\Program Files (x86)\EWSoftware\Sandcastle Help File Builder\PresentationStyles\VS2013\icons\AlertNote.png -&gt; D:\dev\Projects\Adnan.Utils\Utils.Docs\Help\Working\Output\HtmlHelp1\icons\AlertNote.png
C:\Program Files (x86)\EWSoftware\Sandcastle Help File Builder\PresentationStyles\VS2013\icons\AlertSecurity.png -&gt; D:\dev\Projects\Adnan.Utils\Utils.Docs\Help\Working\Output\HtmlHelp1\icons\AlertSecurity.png
C:\Program Files (x86)\EWSoftware\Sandcastle Help File Builder\PresentationStyles\VS2013\icons\CFW.gif -&gt; D:\dev\Projects\Adnan.Utils\Utils.Docs\Help\Working\Output\HtmlHelp1\icons\CFW.gif
C:\Program Files (x86)\EWSoftware\Sandcastle Help File Builder\PresentationStyles\VS2013\icons\CodeExample.png -&gt; D:\dev\Projects\Adnan.Utils\Utils.Docs\Help\Working\Output\HtmlHelp1\icons\CodeExample.png
C:\Program Files (x86)\EWSoftware\Sandcastle Help File Builder\PresentationStyles\VS2013\icons\favicon.ico -&gt; D:\dev\Projects\Adnan.Utils\Utils.Docs\Help\Working\Output\HtmlHelp1\icons\favicon.ico
C:\Program Files (x86)\EWSoftware\Sandcastle Help File Builder\PresentationStyles\VS2013\icons\privclass.gif -&gt; D:\dev\Projects\Adnan.Utils\Utils.Docs\Help\Working\Output\HtmlHelp1\icons\privclass.gif
C:\Program Files (x86)\EWSoftware\Sandcastle Help File Builder\PresentationStyles\VS2013\icons\privdelegate.gif -&gt; D:\dev\Projects\Adnan.Utils\Utils.Docs\Help\Working\Output\HtmlHelp1\icons\privdelegate.gif
C:\Program Files (x86)\EWSoftware\Sandcastle Help File Builder\PresentationStyles\VS2013\icons\privenumeration.gif -&gt; D:\dev\Projects\Adnan.Utils\Utils.Docs\Help\Working\Output\HtmlHelp1\icons\privenumeration.gif
C:\Program Files (x86)\EWSoftware\Sandcastle Help File Builder\PresentationStyles\VS2013\icons\privevent.gif -&gt; D:\dev\Projects\Adnan.Utils\Utils.Docs\Help\Working\Output\HtmlHelp1\icons\privevent.gif
C:\Program Files (x86)\EWSoftware\Sandcastle Help File Builder\PresentationStyles\VS2013\icons\privextension.gif -&gt; D:\dev\Projects\Adnan.Utils\Utils.Docs\Help\Working\Output\HtmlHelp1\icons\privextension.gif
C:\Program Files (x86)\EWSoftware\Sandcastle Help File Builder\PresentationStyles\VS2013\icons\privfield.gif -&gt; D:\dev\Projects\Adnan.Utils\Utils.Docs\Help\Working\Output\HtmlHelp1\icons\privfield.gif
C:\Program Files (x86)\EWSoftware\Sandcastle Help File Builder\PresentationStyles\VS2013\icons\privinterface.gif -&gt; D:\dev\Projects\Adnan.Utils\Utils.Docs\Help\Working\Output\HtmlHelp1\icons\privinterface.gif
C:\Program Files (x86)\EWSoftware\Sandcastle Help File Builder\PresentationStyles\VS2013\icons\privmethod.gif -&gt; D:\dev\Projects\Adnan.Utils\Utils.Docs\Help\Working\Output\HtmlHelp1\icons\privmethod.gif
C:\Program Files (x86)\EWSoftware\Sandcastle Help File Builder\PresentationStyles\VS2013\icons\privproperty.gif -&gt; D:\dev\Projects\Adnan.Utils\Utils.Docs\Help\Working\Output\HtmlHelp1\icons\privproperty.gif
C:\Program Files (x86)\EWSoftware\Sandcastle Help File Builder\PresentationStyles\VS2013\icons\privstructure.gif -&gt; D:\dev\Projects\Adnan.Utils\Utils.Docs\Help\Working\Output\HtmlHelp1\icons\privstructure.gif
C:\Program Files (x86)\EWSoftware\Sandcastle Help File Builder\PresentationStyles\VS2013\icons\protclass.gif -&gt; D:\dev\Projects\Adnan.Utils\Utils.Docs\Help\Working\Output\HtmlHelp1\icons\protclass.gif
C:\Program Files (x86)\EWSoftware\Sandcastle Help File Builder\PresentationStyles\VS2013\icons\protdelegate.gif -&gt; D:\dev\Projects\Adnan.Utils\Utils.Docs\Help\Working\Output\HtmlHelp1\icons\protdelegate.gif
C:\Program Files (x86)\EWSoftware\Sandcastle Help File Builder\PresentationStyles\VS2013\icons\protenumeration.gif -&gt; D:\dev\Projects\Adnan.Utils\Utils.Docs\Help\Working\Output\HtmlHelp1\icons\protenumeration.gif
C:\Program Files (x86)\EWSoftware\Sandcastle Help File Builder\PresentationStyles\VS2013\icons\protevent.gif -&gt; D:\dev\Projects\Adnan.Utils\Utils.Docs\Help\Working\Output\HtmlHelp1\icons\protevent.gif
C:\Program Files (x86)\EWSoftware\Sandcastle Help File Builder\PresentationStyles\VS2013\icons\protextension.gif -&gt; D:\dev\Projects\Adnan.Utils\Utils.Docs\Help\Working\Output\HtmlHelp1\icons\protextension.gif
C:\Program Files (x86)\EWSoftware\Sandcastle Help File Builder\PresentationStyles\VS2013\icons\protfield.gif -&gt; D:\dev\Projects\Adnan.Utils\Utils.Docs\Help\Working\Output\HtmlHelp1\icons\protfield.gif
C:\Program Files (x86)\EWSoftware\Sandcastle Help File Builder\PresentationStyles\VS2013\icons\protinterface.gif -&gt; D:\dev\Projects\Adnan.Utils\Utils.Docs\Help\Working\Output\HtmlHelp1\icons\protinterface.gif
C:\Program Files (x86)\EWSoftware\Sandcastle Help File Builder\PresentationStyles\VS2013\icons\protmethod.gif -&gt; D:\dev\Projects\Adnan.Utils\Utils.Docs\Help\Working\Output\HtmlHelp1\icons\protmethod.gif
C:\Program Files (x86)\EWSoftware\Sandcastle Help File Builder\PresentationStyles\VS2013\icons\protoperator.gif -&gt; D:\dev\Projects\Adnan.Utils\Utils.Docs\Help\Working\Output\HtmlHelp1\icons\protoperator.gif
C:\Program Files (x86)\EWSoftware\Sandcastle Help File Builder\PresentationStyles\VS2013\icons\protproperty.gif -&gt; D:\dev\Projects\Adnan.Utils\Utils.Docs\Help\Working\Output\HtmlHelp1\icons\protproperty.gif
C:\Program Files (x86)\EWSoftware\Sandcastle Help File Builder\PresentationStyles\VS2013\icons\protstructure.gif -&gt; D:\dev\Projects\Adnan.Utils\Utils.Docs\Help\Working\Output\HtmlHelp1\icons\protstructure.gif
C:\Program Files (x86)\EWSoftware\Sandcastle Help File Builder\PresentationStyles\VS2013\icons\pubclass.gif -&gt; D:\dev\Projects\Adnan.Utils\Utils.Docs\Help\Working\Output\HtmlHelp1\icons\pubclass.gif
C:\Program Files (x86)\EWSoftware\Sandcastle Help File Builder\PresentationStyles\VS2013\icons\pubdelegate.gif -&gt; D:\dev\Projects\Adnan.Utils\Utils.Docs\Help\Working\Output\HtmlHelp1\icons\pubdelegate.gif
C:\Program Files (x86)\EWSoftware\Sandcastle Help File Builder\PresentationStyles\VS2013\icons\pubenumeration.gif -&gt; D:\dev\Projects\Adnan.Utils\Utils.Docs\Help\Working\Output\HtmlHelp1\icons\pubenumeration.gif
C:\Program Files (x86)\EWSoftware\Sandcastle Help File Builder\PresentationStyles\VS2013\icons\pubevent.gif -&gt; D:\dev\Projects\Adnan.Utils\Utils.Docs\Help\Working\Output\HtmlHelp1\icons\pubevent.gif
C:\Program Files (x86)\EWSoftware\Sandcastle Help File Builder\PresentationStyles\VS2013\icons\pubextension.gif -&gt; D:\dev\Projects\Adnan.Utils\Utils.Docs\Help\Working\Output\HtmlHelp1\icons\pubextension.gif
C:\Program Files (x86)\EWSoftware\Sandcastle Help File Builder\PresentationStyles\VS2013\icons\pubfield.gif -&gt; D:\dev\Projects\Adnan.Utils\Utils.Docs\Help\Working\Output\HtmlHelp1\icons\pubfield.gif
C:\Program Files (x86)\EWSoftware\Sandcastle Help File Builder\PresentationStyles\VS2013\icons\pubinterface.gif -&gt; D:\dev\Projects\Adnan.Utils\Utils.Docs\Help\Working\Output\HtmlHelp1\icons\pubinterface.gif
C:\Program Files (x86)\EWSoftware\Sandcastle Help File Builder\PresentationStyles\VS2013\icons\pubmethod.gif -&gt; D:\dev\Projects\Adnan.Utils\Utils.Docs\Help\Working\Output\HtmlHelp1\icons\pubmethod.gif
C:\Program Files (x86)\EWSoftware\Sandcastle Help File Builder\PresentationStyles\VS2013\icons\puboperator.gif -&gt; D:\dev\Projects\Adnan.Utils\Utils.Docs\Help\Working\Output\HtmlHelp1\icons\puboperator.gif
C:\Program Files (x86)\EWSoftware\Sandcastle Help File Builder\PresentationStyles\VS2013\icons\pubproperty.gif -&gt; D:\dev\Projects\Adnan.Utils\Utils.Docs\Help\Working\Output\HtmlHelp1\icons\pubproperty.gif
C:\Program Files (x86)\EWSoftware\Sandcastle Help File Builder\PresentationStyles\VS2013\icons\pubstructure.gif -&gt; D:\dev\Projects\Adnan.Utils\Utils.Docs\Help\Working\Output\HtmlHelp1\icons\pubstructure.gif
C:\Program Files (x86)\EWSoftware\Sandcastle Help File Builder\PresentationStyles\VS2013\icons\SectionCollapsed.png -&gt; D:\dev\Projects\Adnan.Utils\Utils.Docs\Help\Working\Output\HtmlHelp1\icons\SectionCollapsed.png
C:\Program Files (x86)\EWSoftware\Sandcastle Help File Builder\PresentationStyles\VS2013\icons\SectionExpanded.png -&gt; D:\dev\Projects\Adnan.Utils\Utils.Docs\Help\Working\Output\HtmlHelp1\icons\SectionExpanded.png
C:\Program Files (x86)\EWSoftware\Sandcastle Help File Builder\PresentationStyles\VS2013\icons\slMobile.gif -&gt; D:\dev\Projects\Adnan.Utils\Utils.Docs\Help\Working\Output\HtmlHelp1\icons\slMobile.gif
C:\Program Files (x86)\EWSoftware\Sandcastle Help File Builder\PresentationStyles\VS2013\icons\static.gif -&gt; D:\dev\Projects\Adnan.Utils\Utils.Docs\Help\Working\Output\HtmlHelp1\icons\static.gif
C:\Program Files (x86)\EWSoftware\Sandcastle Help File Builder\PresentationStyles\VS2013\icons\xna.gif -&gt; D:\dev\Projects\Adnan.Utils\Utils.Docs\Help\Working\Output\HtmlHelp1\icons\xna.gif
C:\Program Files (x86)\EWSoftware\Sandcastle Help File Builder\PresentationStyles\VS2013\scripts\branding.js -&gt; D:\dev\Projects\Adnan.Utils\Utils.Docs\Help\Working\Output\HtmlHelp1\scripts\branding.js
C:\Program Files (x86)\EWSoftware\Sandcastle Help File Builder\PresentationStyles\VS2013\styles\branding-cs-CZ.css -&gt; D:\dev\Projects\Adnan.Utils\Utils.Docs\Help\Working\Output\HtmlHelp1\styles\branding-cs-CZ.css
C:\Program Files (x86)\EWSoftware\Sandcastle Help File Builder\PresentationStyles\VS2013\styles\branding-de-DE.css -&gt; D:\dev\Projects\Adnan.Utils\Utils.Docs\Help\Working\Output\HtmlHelp1\styles\branding-de-DE.css
C:\Program Files (x86)\EWSoftware\Sandcastle Help File Builder\PresentationStyles\VS2013\styles\branding-en-US.css -&gt; D:\dev\Projects\Adnan.Utils\Utils.Docs\Help\Working\Output\HtmlHelp1\styles\branding-en-US.css
C:\Program Files (x86)\EWSoftware\Sandcastle Help File Builder\PresentationStyles\VS2013\styles\branding-es-ES.css -&gt; D:\dev\Projects\Adnan.Utils\Utils.Docs\Help\Working\Output\HtmlHelp1\styles\branding-es-ES.css
C:\Program Files (x86)\EWSoftware\Sandcastle Help File Builder\PresentationStyles\VS2013\styles\branding-fr-FR.css -&gt; D:\dev\Projects\Adnan.Utils\Utils.Docs\Help\Working\Output\HtmlHelp1\styles\branding-fr-FR.css
C:\Program Files (x86)\EWSoftware\Sandcastle Help File Builder\PresentationStyles\VS2013\styles\branding-Help1.css -&gt; D:\dev\Projects\Adnan.Utils\Utils.Docs\Help\Working\Output\HtmlHelp1\styles\branding-Help1.css
C:\Program Files (x86)\EWSoftware\Sandcastle Help File Builder\PresentationStyles\VS2013\styles\branding-HelpViewer.css -&gt; D:\dev\Projects\Adnan.Utils\Utils.Docs\Help\Working\Output\HtmlHelp1\styles\branding-HelpViewer.css
C:\Program Files (x86)\EWSoftware\Sandcastle Help File Builder\PresentationStyles\VS2013\styles\branding-it-IT.css -&gt; D:\dev\Projects\Adnan.Utils\Utils.Docs\Help\Working\Output\HtmlHelp1\styles\branding-it-IT.css
C:\Program Files (x86)\EWSoftware\Sandcastle Help File Builder\PresentationStyles\VS2013\styles\branding-ja-JP.css -&gt; D:\dev\Projects\Adnan.Utils\Utils.Docs\Help\Working\Output\HtmlHelp1\styles\branding-ja-JP.css
C:\Program Files (x86)\EWSoftware\Sandcastle Help File Builder\PresentationStyles\VS2013\styles\branding-ko-KR.css -&gt; D:\dev\Projects\Adnan.Utils\Utils.Docs\Help\Working\Output\HtmlHelp1\styles\branding-ko-KR.css
C:\Program Files (x86)\EWSoftware\Sandcastle Help File Builder\PresentationStyles\VS2013\styles\branding-pl-PL.css -&gt; D:\dev\Projects\Adnan.Utils\Utils.Docs\Help\Working\Output\HtmlHelp1\styles\branding-pl-PL.css
C:\Program Files (x86)\EWSoftware\Sandcastle Help File Builder\PresentationStyles\VS2013\styles\branding-pt-BR.css -&gt; D:\dev\Projects\Adnan.Utils\Utils.Docs\Help\Working\Output\HtmlHelp1\styles\branding-pt-BR.css
C:\Program Files (x86)\EWSoftware\Sandcastle Help File Builder\PresentationStyles\VS2013\styles\branding-ru-RU.css -&gt; D:\dev\Projects\Adnan.Utils\Utils.Docs\Help\Working\Output\HtmlHelp1\styles\branding-ru-RU.css
C:\Program Files (x86)\EWSoftware\Sandcastle Help File Builder\PresentationStyles\VS2013\styles\branding-tr-TR.css -&gt; D:\dev\Projects\Adnan.Utils\Utils.Docs\Help\Working\Output\HtmlHelp1\styles\branding-tr-TR.css
C:\Program Files (x86)\EWSoftware\Sandcastle Help File Builder\PresentationStyles\VS2013\styles\branding-Website.css -&gt; D:\dev\Projects\Adnan.Utils\Utils.Docs\Help\Working\Output\HtmlHelp1\styles\branding-Website.css
C:\Program Files (x86)\EWSoftware\Sandcastle Help File Builder\PresentationStyles\VS2013\styles\branding-zh-CN.css -&gt; D:\dev\Projects\Adnan.Utils\Utils.Docs\Help\Working\Output\HtmlHelp1\styles\branding-zh-CN.css
C:\Program Files (x86)\EWSoftware\Sandcastle Help File Builder\PresentationStyles\VS2013\styles\branding-zh-TW.css -&gt; D:\dev\Projects\Adnan.Utils\Utils.Docs\Help\Working\Output\HtmlHelp1\styles\branding-zh-TW.css
C:\Program Files (x86)\EWSoftware\Sandcastle Help File Builder\PresentationStyles\VS2013\styles\branding.css -&gt; D:\dev\Projects\Adnan.Utils\Utils.Docs\Help\Working\Output\HtmlHelp1\styles\branding.css
    Last step completed in 00:00:00,1315
</buildStep>
<buildStep step="GenerateHelpFormatTableOfContents">
Generating HTML Help 1 table of contents file...
    Last step completed in 00:00:00,0000
</buildStep>
<buildStep step="GenerateHelpFileIndex">
Generating HTML Help 1 index file...
    Last step completed in 00:00:00,0000
</buildStep>
<buildStep step="GenerateHelpProject">
Generating HTML Help 1 project file...
    Last step completed in 00:00:00,0156
</buildStep>
<buildStep step="CompilingHelpFile">
Compiling HTML Help 1 file...
[C:\Windows\Microsoft.NET\Framework64\v4.0.30319\MSBuild.exe - Build1xHelpFile.proj]
  Microsoft HTML Help Compiler 4.74.8702
  
  
  
  Compiling d:\dev\Projects\Adnan.Utils\Utils.Docs\Help\Working\Output\HtmlHelp1\Utils Dokumentation.chm
  
  
  
  
  
  Compile time: 0 minutes, 1 second
  
  18	Topics
  
  155	Local links
  
  85	Internet links
  
  0	Graphics
  
  
  
  
  
  Created d:\dev\Projects\Adnan.Utils\Utils.Docs\Help\Working\Output\HtmlHelp1\Utils Dokumentation.chm, 67,899 bytes
  
  Compression decreased file by 155,038 bytes.
  
    Last step completed in 00:00:03,7025
</buildStep>
<buildStep step="CleanIntermediates">
Removing intermediate files...
    Last step completed in 00:00:00,0156
</buildStep>
<buildStep step="Completed">

Build completed successfully at 08.05.2016 20:09:12.  Total time: 00:00:18,4790

</buildStep>
</shfbBuild>
